[    0.000000] Initializing cgroup subsys cpuset
[    0.000000] Initializing cgroup subsys cpu
[    0.000000] Initializing cgroup subsys cpuacct
[    0.000000] Linux version 4.4.0-51-generic (buildd@lcy01-08) (gcc version 5.4.0 20160609 (Ubuntu 5.4.0-6ubuntu1~16.04.4) ) #72-Ubuntu SMP Thu Nov 24 18:29:54 UTC 2016 (Ubuntu 4.4.0-51.72-generic 4.4.30)
[    0.000000] Command line: BOOT_IMAGE=/boot/vmlinuz-4.4.0-51-generic root=LABEL=cloudimg-rootfs ro console=tty1 console=ttyS0
[    0.000000] KERNEL supported cpus:
[    0.000000]   Intel GenuineIntel
[    0.000000]   AMD AuthenticAMD
[    0.000000]   Centaur CentaurHauls
[    0.000000] x86/fpu: xstate_offset[2]:  576, xstate_sizes[2]:  256
[    0.000000] x86/fpu: Supporting XSAVE feature 0x01: 'x87 floating point registers'
[    0.000000] x86/fpu: Supporting XSAVE feature 0x02: 'SSE registers'
[    0.000000] x86/fpu: Supporting XSAVE feature 0x04: 'AVX registers'
[    0.000000] x86/fpu: Enabled xstate features 0x7, context size is 832 bytes, using 'standard' format.
[    0.000000] x86/fpu: Using 'lazy' FPU context switches.
[    0.000000] e820: BIOS-provided physical RAM map:
[    0.000000] BIOS-e820: [mem 0x0000000000000000-0x000000000009fbff] usable
[    0.000000] BIOS-e820: [mem 0x000000000009fc00-0x000000000009ffff] reserved
[    0.000000] BIOS-e820: [mem 0x00000000000f0000-0x00000000000fffff] reserved
[    0.000000] BIOS-e820: [mem 0x0000000000100000-0x000000003ffeffff] usable
[    0.000000] BIOS-e820: [mem 0x000000003fff0000-0x000000003fffffff] ACPI data
[    0.000000] BIOS-e820: [mem 0x00000000fec00000-0x00000000fec00fff] reserved
[    0.000000] BIOS-e820: [mem 0x00000000fee00000-0x00000000fee00fff] reserved
[    0.000000] BIOS-e820: [mem 0x00000000fffc0000-0x00000000ffffffff] reserved
[    0.000000] NX (Execute Disable) protection: active
[    0.000000] SMBIOS 2.5 present.
[    0.000000] Hypervisor detected: KVM
[    0.000000] e820: last_pfn = 0x3fff0 max_arch_pfn = 0x400000000
[    0.000000] MTRR: Disabled
[    0.000000] x86/PAT: MTRRs disabled, skipping PAT initialization too.
[    0.000000] x86/PAT: Configuration [0-7]: WB  WT  UC- UC  WB  WT  UC- UC  
[    0.000000] CPU MTRRs all blank - virtualized system.
[    0.000000] found SMP MP-table at [mem 0x0009fff0-0x0009ffff] mapped at [ffff88000009fff0]
[    0.000000] Scanning 1 areas for low memory corruption
[    0.000000] RAMDISK: [mem 0x36f48000-0x3779bfff]
[    0.000000] ACPI: Early table checksum verification disabled
[    0.000000] ACPI: RSDP 0x00000000000E0000 000024 (v02 VBOX  )
[    0.000000] ACPI: XSDT 0x000000003FFF0030 00003C (v01 VBOX   VBOXXSDT 00000001 ASL  00000061)
[    0.000000] ACPI: FACP 0x000000003FFF00F0 0000F4 (v04 VBOX   VBOXFACP 00000001 ASL  00000061)
[    0.000000] ACPI: DSDT 0x000000003FFF0470 00210F (v01 VBOX   VBOXBIOS 00000002 INTL 20100528)
[    0.000000] ACPI: FACS 0x000000003FFF0200 000040
[    0.000000] ACPI: FACS 0x000000003FFF0200 000040
[    0.000000] ACPI: APIC 0x000000003FFF0240 00005C (v02 VBOX   VBOXAPIC 00000001 ASL  00000061)
[    0.000000] ACPI: SSDT 0x000000003FFF02A0 0001CC (v01 VBOX   VBOXCPUT 00000002 INTL 20100528)
[    0.000000] No NUMA configuration found
[    0.000000] Faking a node at [mem 0x0000000000000000-0x000000003ffeffff]
[    0.000000] NODE_DATA(0) allocated [mem 0x3ffeb000-0x3ffeffff]
[    0.000000] kvm-clock: Using msrs 4b564d01 and 4b564d00
[    0.000000] kvm-clock: cpu 0, msr 0:3ffe7001, primary cpu clock
[    0.000000] kvm-clock: using sched offset of 3188118566 cycles
[    0.000000] clocksource: kvm-clock: mask: 0xffffffffffffffff max_cycles: 0x1cd42e4dffb, max_idle_ns: 881590591483 ns
[    0.000000] Zone ranges:
[    0.000000]   DMA      [mem 0x0000000000001000-0x0000000000ffffff]
[    0.000000]   DMA32    [mem 0x0000000001000000-0x000000003ffeffff]
[    0.000000]   Normal   empty
[    0.000000]   Device   empty
[    0.000000] Movable zone start for each node
[    0.000000] Early memory node ranges
[    0.000000]   node   0: [mem 0x0000000000001000-0x000000000009efff]
[    0.000000]   node   0: [mem 0x0000000000100000-0x000000003ffeffff]
[    0.000000] Initmem setup node 0 [mem 0x0000000000001000-0x000000003ffeffff]
[    0.000000] ACPI: PM-Timer IO Port: 0x4008
[    0.000000] IOAPIC[0]: apic_id 2, version 32, address 0xfec00000, GSI 0-23
[    0.000000] ACPI: INT_SRC_OVR (bus 0 bus_irq 0 global_irq 2 dfl dfl)
[    0.000000] ACPI: INT_SRC_OVR (bus 0 bus_irq 9 global_irq 9 high level)
[    0.000000] Using ACPI (MADT) for SMP configuration information
[    0.000000] smpboot: Allowing 2 CPUs, 0 hotplug CPUs
[    0.000000] PM: Registered nosave memory: [mem 0x00000000-0x00000fff]
[    0.000000] PM: Registered nosave memory: [mem 0x0009f000-0x0009ffff]
[    0.000000] PM: Registered nosave memory: [mem 0x000a0000-0x000effff]
[    0.000000] PM: Registered nosave memory: [mem 0x000f0000-0x000fffff]
[    0.000000] e820: [mem 0x40000000-0xfebfffff] available for PCI devices
[    0.000000] Booting paravirtualized kernel on KVM
[    0.000000] clocksource: refined-jiffies: mask: 0xffffffff max_cycles: 0xffffffff, max_idle_ns: 7645519600211568 ns
[    0.000000] setup_percpu: NR_CPUS:256 nr_cpumask_bits:256 nr_cpu_ids:2 nr_node_ids:1
[    0.000000] PERCPU: Embedded 33 pages/cpu @ffff88003fc00000 s98008 r8192 d28968 u1048576
[    0.000000] PV qspinlock hash table entries: 256 (order: 0, 4096 bytes)
[    0.000000] Built 1 zonelists in Node order, mobility grouping on.  Total pages: 257913
[    0.000000] Policy zone: DMA32
[    0.000000] Kernel command line: BOOT_IMAGE=/boot/vmlinuz-4.4.0-51-generic root=LABEL=cloudimg-rootfs ro console=tty1 console=ttyS0
[    0.000000] PID hash table entries: 4096 (order: 3, 32768 bytes)
[    0.000000] Memory: 1004104K/1048120K available (8426K kernel code, 1285K rwdata, 3956K rodata, 1480K init, 1292K bss, 44016K reserved, 0K cma-reserved)
[    0.000000] SLUB: HWalign=64, Order=0-3, MinObjects=0, CPUs=2, Nodes=1
[    0.000000] Hierarchical RCU implementation.
[    0.000000] 	Build-time adjustment of leaf fanout to 64.
[    0.000000] 	RCU restricting CPUs from NR_CPUS=256 to nr_cpu_ids=2.
[    0.000000] RCU: Adjusting geometry for rcu_fanout_leaf=64, nr_cpu_ids=2
[    0.000000] NR_IRQS:16640 nr_irqs:440 16
[    0.000000] Console: colour VGA+ 80x25
[    0.000000] console [tty1] enabled
[    0.000000] console [ttyS0] enabled
[    0.000000] tsc: Detected 3591.704 MHz processor
[    5.564391] Calibrating delay loop (skipped) preset value.. 7183.40 BogoMIPS (lpj=14366816)
[    5.645895] pid_max: default: 32768 minimum: 301
[    5.758353] ACPI: Core revision 20150930
[    5.865475] ACPI: 2 ACPI AML tables successfully acquired and loaded
[    6.057312] Security Framework initialized
[    6.161006] Yama: becoming mindful.
[    6.268548] AppArmor: AppArmor initialized
[    6.378152] Dentry cache hash table entries: 131072 (order: 8, 1048576 bytes)
[    6.524842] Inode-cache hash table entries: 65536 (order: 7, 524288 bytes)
[    6.535142] Mount-cache hash table entries: 2048 (order: 2, 16384 bytes)
[    6.535920] Mountpoint-cache hash table entries: 2048 (order: 2, 16384 bytes)
[    6.536879] Initializing cgroup subsys io
[    6.537446] Initializing cgroup subsys memory
[    6.538153] Initializing cgroup subsys devices
[    6.599251] Initializing cgroup subsys freezer
[    6.599941] Initializing cgroup subsys net_cls
[    6.600497] Initializing cgroup subsys perf_event
[    6.648906] Initializing cgroup subsys net_prio
[    6.649527] Initializing cgroup subsys hugetlb
[    6.650118] Initializing cgroup subsys pids
[    6.650762] CPU: Physical Processor ID: 0
[    6.684146] CPU: Processor Core ID: 0
[    6.685402] mce: CPU supports 0 MCE banks
[    6.685969] Last level iTLB entries: 4KB 1024, 2MB 1024, 4MB 1024
[    6.690458] Last level dTLB entries: 4KB 1024, 2MB 1024, 4MB 1024, 1GB 4
[    6.693413] Freeing SMP alternatives memory: 32K (ffffffff820b5000 - ffffffff820bd000)
[    6.877373] ftrace: allocating 32053 entries in 126 pages
[    7.087704] smpboot: Max logical packages: 1
[    7.194344] smpboot: APIC(0) Converting physical 0 to logical package 0
[    7.404762] x2apic enabled
[    7.491672] Switched APIC routing to physical x2apic.
[    7.632476] ..TIMER: vector=0x30 apic1=0 pin1=2 apic2=-1 pin2=-1
[    7.916540] smpboot: CPU0: Intel(R) Core(TM) i7-4790 CPU @ 3.60GHz (family: 0x6, model: 0x3c, stepping: 0x3)
[    8.236434] Performance Events: unsupported p6 CPU model 60 no PMU driver, software events only.
[    8.484928] KVM setup paravirtual spinlock
[    8.603895] x86: Booting SMP configuration:
[    8.633524] .... node  #0, CPUs:      #1
[    8.634156] kvm-clock: cpu 1, msr 0:3ffe7041, secondary cpu clock
[    8.837795] mce: CPU supports 0 MCE banks
[    8.954819] x86: Booted up 1 node, 2 CPUs
[    9.066604] smpboot: Total of 2 processors activated (14366.81 BogoMIPS)
[    9.096588] devtmpfs: initialized
[    9.134162] evm: security.selinux
[    9.239459] evm: security.SMACK64
[    9.330385] evm: security.SMACK64EXEC
[    9.439895] evm: security.SMACK64TRANSMUTE
[    9.558202] evm: security.SMACK64MMAP
[    9.645242] evm: security.ima
[    9.719461] evm: security.capability
[    9.833656] clocksource: jiffies: mask: 0xffffffff max_cycles: 0xffffffff, max_idle_ns: 7645041785100000 ns
[    9.993870] pinctrl core: initialized pinctrl subsystem
[    9.994613] RTC time: 12:28:04, date: 12/05/16
[    9.999369] NET: Registered protocol family 16
[   10.011487] cpuidle: using governor ladder
[   10.150392] cpuidle: using governor menu
[   10.278714] PCCT header not found.
[   10.348131] ACPI: bus type PCI registered
[   10.348653] acpiphp: ACPI Hot Plug PCI Controller Driver version: 0.5
[   10.349543] PCI: Using configuration type 1 for base access
[   10.364920] ACPI: Added _OSI(Module Device)
[   10.464576] ACPI: Added _OSI(Processor Device)
[   10.576028] ACPI: Added _OSI(3.0 _SCP Extensions)
[   10.686430] ACPI: Added _OSI(Processor Aggregator Device)
[   10.862870] ACPI: Executed 1 blocks of module-level executable AML code
[   11.071350] ACPI: Interpreter enabled
[   11.178149] ACPI: (supports S0 S5)
[   11.271978] ACPI: Using IOAPIC for interrupt routing
[   11.432535] PCI: Using host bridge windows from ACPI; if necessary, use "pci=nocrs" and report a bug
[   11.643269] ACPI: PCI Root Bridge [PCI0] (domain 0000 [bus 00-ff])
[   11.825440] acpi PNP0A03:00: _OSC: OS supports [ASPM ClockPM Segments MSI]
[   12.026782] acpi PNP0A03:00: _OSC failed (AE_NOT_FOUND); disabling ASPM
[   12.229127] acpi PNP0A03:00: fail to add MMCONFIG information, can't access extended PCI configuration space under this bridge.
[   12.536536] PCI host bridge to bus 0000:00
[   12.648547] pci_bus 0000:00: root bus resource [io  0x0000-0x0cf7 window]
[   12.736773] pci_bus 0000:00: root bus resource [io  0x0d00-0xffff window]
[   12.768784] pci_bus 0000:00: root bus resource [mem 0x000a0000-0x000bffff window]
[   12.769818] pci_bus 0000:00: root bus resource [mem 0x40000000-0xffdfffff window]
[   12.989853] pci_bus 0000:00: root bus resource [bus 00-ff]
[   13.003923] pci 0000:00:01.1: legacy IDE quirk: reg 0x10: [io  0x01f0-0x01f7]
[   13.181381] pci 0000:00:01.1: legacy IDE quirk: reg 0x14: [io  0x03f6]
[   13.375881] pci 0000:00:01.1: legacy IDE quirk: reg 0x18: [io  0x0170-0x0177]
[   13.610497] pci 0000:00:01.1: legacy IDE quirk: reg 0x1c: [io  0x0376]
[   13.620961] pci 0000:00:07.0: quirk: [io  0x4000-0x403f] claimed by PIIX4 ACPI
[   13.828671] pci 0000:00:07.0: quirk: [io  0x4100-0x410f] claimed by PIIX4 SMB
[   14.075244] ACPI: PCI Interrupt Link [LNKA] (IRQs 5 9 10 *11)
[   14.231353] ACPI: PCI Interrupt Link [LNKB] (IRQs 5 9 10 *11)
[   14.383119] ACPI: PCI Interrupt Link [LNKC] (IRQs 5 9 *10 11)
[   14.517850] ACPI: PCI Interrupt Link [LNKD] (IRQs 5 *9 10 11)
[   14.678054] ACPI: Enabled 2 GPEs in block 00 to 07
[   14.768645] vgaarb: setting as boot device: PCI:0000:00:02.0
[   14.923384] vgaarb: device added: PCI:0000:00:02.0,decodes=io+mem,owns=io+mem,locks=none
[   15.186568] vgaarb: loaded
[   15.271377] vgaarb: bridge control possible 0000:00:02.0
[   15.460288] SCSI subsystem initialized
[   15.556617] ACPI: bus type USB registered
[   15.669373] usbcore: registered new interface driver usbfs
[   15.766418] usbcore: registered new interface driver hub
[   15.776852] usbcore: registered new device driver usb
[   15.909666] PCI: Using ACPI for IRQ routing
[   16.028299] NetLabel: Initializing
[   16.131674] NetLabel:  domain hash size = 128
[   16.250066] NetLabel:  protocols = UNLABELED CIPSOv4
[   16.406446] NetLabel:  unlabeled traffic allowed by default
[   16.579225] amd_nb: Cannot enumerate AMD northbridges
[   16.722867] clocksource: Switched to clocksource kvm-clock
[   16.824888] AppArmor: AppArmor Filesystem Enabled
[   16.974499] pnp: PnP ACPI init
[   17.074887] pnp: PnP ACPI: found 3 devices
[   17.230768] clocksource: acpi_pm: mask: 0xffffff max_cycles: 0xffffff, max_idle_ns: 2085701024 ns
[   17.548580] NET: Registered protocol family 2
[   17.698970] TCP established hash table entries: 8192 (order: 4, 65536 bytes)
[   17.712029] TCP bind hash table entries: 8192 (order: 5, 131072 bytes)
[   17.712773] TCP: Hash tables configured (established 8192 bind 8192)
[   17.713540] UDP hash table entries: 512 (order: 2, 16384 bytes)
[   17.714267] UDP-Lite hash table entries: 512 (order: 2, 16384 bytes)
[   17.715006] NET: Registered protocol family 1
[   17.715599] pci 0000:00:00.0: Limiting direct PCI/PCI transfers
[   17.716356] pci 0000:00:01.0: Activating ISA DMA hang workarounds
[   17.717165] Trying to unpack rootfs image as initramfs...
[   18.772688] Freeing initrd memory: 8528K (ffff880036f48000 - ffff88003779c000)
[   18.780820] RAPL PMU detected, API unit is 2^-32 Joules, 4 fixed counters 10737418240 ms ovfl timer
[   18.819817] hw unit of domain pp0-core 2^-0 Joules
[   18.820467] hw unit of domain package 2^-0 Joules
[   18.821110] hw unit of domain dram 2^-0 Joules
[   18.821683] hw unit of domain pp1-gpu 2^-0 Joules
[   18.835943] platform rtc_cmos: registered platform RTC device (no PNP device found)
[   18.837009] Scanning for low memory corruption every 60 seconds
[   18.837987] futex hash table entries: 512 (order: 3, 32768 bytes)
[   18.840015] audit: initializing netlink subsys (disabled)
[   18.855360] audit: type=2000 audit(1480940882.335:1): initialized
[   18.950499] Initialise system trusted keyring
[   18.951410] HugeTLB registered 2 MB page size, pre-allocated 0 pages
[   19.060827] zbud: loaded
[   19.062370] VFS: Disk quotas dquot_6.6.0
[   19.138969] VFS: Dquot-cache hash table entries: 512 (order 0, 4096 bytes)
[   19.149376] squashfs: version 4.0 (2009/01/31) Phillip Lougher
[   19.151288] fuse init (API version 7.23)
[   19.197850] Key type big_key registered
[   19.209502] Allocating IMA MOK and blacklist keyrings.
[   19.215483] Key type asymmetric registered
[   19.217335] Asymmetric key parser 'x509' registered
[   19.218083] Block layer SCSI generic (bsg) driver version 0.4 loaded (major 249)
[   19.219286] io scheduler noop registered
[   19.226180] io scheduler deadline registered (default)
[   19.226874] io scheduler cfq registered
[   19.227537] pci_hotplug: PCI Hot Plug PCI Core version: 0.5
[   19.228217] pciehp: PCI Express Hot Plug Controller Driver version: 0.4
[   19.264245] ACPI: AC Adapter [AC] (on-line)
[   19.270095] input: Power Button as /devices/LNXSYSTM:00/LNXPWRBN:00/input/input0
[   19.271136] ACPI: Power Button [PWRF]
[   19.282867] input: Sleep Button as /devices/LNXSYSTM:00/LNXSLPBN:00/input/input1
[   19.283918] ACPI: Sleep Button [SLPF]
[   19.284613] GHES: HEST is not enabled!
[   19.285240] Serial: 8250/16550 driver, 32 ports, IRQ sharing enabled
[   19.307605] 00:02: ttyS0 at I/O 0x3f8 (irq = 4, base_baud = 115200) is a 16550A
[   19.356235] Linux agpgart interface v0.103
[   19.358437] brd: module loaded
[   19.396300] loop: module loaded
[   19.464232] scsi host0: ata_piix
[   19.476240] scsi host1: ata_piix
[   19.476735] ata1: PATA max UDMA/33 cmd 0x1f0 ctl 0x3f6 bmdma 0xd000 irq 14
[   19.477555] ata2: PATA max UDMA/33 cmd 0x170 ctl 0x376 bmdma 0xd008 irq 15
[   19.478473] libphy: Fixed MDIO Bus: probed
[   19.507586] tun: Universal TUN/TAP device driver, 1.6
[   19.515201] tun: (C) 1999-2004 Max Krasnyansky <maxk@qualcomm.com>
[   19.654169] PPP generic driver version 2.4.2
[   19.686833] ehci_hcd: USB 2.0 'Enhanced' Host Controller (EHCI) Driver
[   19.694908] ehci-pci: EHCI PCI platform driver
[   19.695784] ehci-platform: EHCI generic platform driver
[   19.696799] ohci_hcd: USB 1.1 'Open' Host Controller (OHCI) Driver
[   19.697871] ohci-pci: OHCI PCI platform driver
[   19.698767] ohci-platform: OHCI generic platform driver
[   19.724678] uhci_hcd: USB Universal Host Controller Interface driver
[   19.737650] i8042: PNP: PS/2 Controller [PNP0303:PS2K,PNP0f03:PS2M] at 0x60,0x64 irq 1,12
[   19.794628] serio: i8042 KBD port at 0x60,0x64 irq 1
[   19.801962] serio: i8042 AUX port at 0x60,0x64 irq 12
[   19.814626] mousedev: PS/2 mouse device common for all mice
[   19.827908] rtc_cmos rtc_cmos: rtc core: registered rtc_cmos as rtc0
[   19.828743] rtc_cmos rtc_cmos: alarms up to one day, 114 bytes nvram
[   19.831406] input: AT Translated Set 2 keyboard as /devices/platform/i8042/serio0/input/input2
[   19.832541] i2c /dev entries driver
[   19.833179] device-mapper: uevent: version 1.0.3
[   19.833833] device-mapper: ioctl: 4.34.0-ioctl (2015-10-28) initialised: dm-devel@redhat.com
[   19.835028] ledtrig-cpu: registered to indicate activity on CPUs
[   19.841217] tsc: Refined TSC clocksource calibration: 3590.605 MHz
[   19.849677] clocksource: tsc: mask: 0xffffffffffffffff max_cycles: 0x33c1a81a853, max_idle_ns: 440795301439 ns
[   19.849902] NET: Registered protocol family 10
[   19.850000] NET: Registered protocol family 17
[   19.850008] Key type dns_resolver registered
[   19.851261] microcode: CPU0 sig=0x306c3, pf=0x40, revision=0x0
[   19.851631] microcode: CPU1 sig=0x306c3, pf=0x40, revision=0x0
[   19.851653] microcode: Microcode Update Driver: v2.01 <tigran@aivazian.fsnet.co.uk>, Peter Oruba
[   19.851746] registered taskstats version 1
[   19.851758] Loading compiled-in X.509 certificates
[   19.852260] Loaded X.509 cert 'Build time autogenerated kernel key: 56603c66c9a77e946feb1e966c217ab15f551179'
[   19.852275] zswap: loaded using pool lzo/zbud
[   19.853300] Key type trusted registered
[   19.854893] Key type encrypted registered
[   19.854897] AppArmor: AppArmor sha1 policy hashing enabled
[   19.854899] ima: No TPM chip found, activating TPM-bypass!
[   19.854911] evm: HMAC attrs: 0x1
[   19.855124]   Magic number: 12:609:480
[   19.860421] rtc_cmos rtc_cmos: setting system clock to 2016-12-05 12:28:14 UTC (1480940894)
[   19.860490] BIOS EDD facility v0.16 2004-Jun-25, 0 devices found
[   19.860491] EDD information not available.
[   19.915473] Freeing unused kernel memory: 1480K (ffffffff81f43000 - ffffffff820b5000)
[   20.115724] Write protecting the kernel read-only data: 14336k
[   20.285672] Freeing unused kernel memory: 1800K (ffff88000183e000 - ffff880001a00000)
[   20.479858] Freeing unused kernel memory: 140K (ffff880001ddd000 - ffff880001e00000)
Loading, please [   20.630398] random: systemd-udevd: uninitialized urandom read (16 bytes read, 2 bits of entropy available)
wait...
startin[   20.632069] random: udevadm: uninitialized urandom read (16 bytes read, 2 bits of entropy available)
g version 229
[   20.632092] random: udevadm: uninitialized urandom read (16 bytes read, 2 bits of entropy available)
[   20.632164] random: udevadm: uninitialized urandom read (16 bytes read, 2 bits of entropy available)
[   20.632190] random: udevadm: uninitialized urandom read (16 bytes read, 2 bits of entropy available)
[   20.632215] random: udevadm: uninitialized urandom read (16 bytes read, 2 bits of entropy available)
[   20.632239] random: udevadm: uninitialized urandom read (16 bytes read, 2 bits of entropy available)
[   20.632264] random: udevadm: uninitialized urandom read (16 bytes read, 2 bits of entropy available)
[   20.632286] random: udevadm: uninitialized urandom read (16 bytes read, 2 bits of entropy available)
[   20.632308] random: udevadm: uninitialized urandom read (16 bytes read, 2 bits of entropy available)
[   22.400943] e1000: Intel(R) PRO/1000 Network Driver - version 7.3.21-k8-NAPI
[   22.565444] e1000: Copyright (c) 1999-2006 Intel Corporation.
[   22.623790] Fusion MPT base driver 3.04.20
[   22.631611] Copyright (c) 1999-2008 LSI Corporation
[   22.633972] AVX version of gcm_enc/dec engaged.
[   22.634596] AES CTR mode by8 optimization enabled
[   22.640633] Fusion MPT SPI Host driver 3.04.20
[   22.829664] input: ImExPS/2 Generic Explorer Mouse as /devices/platform/i8042/serio1/input/input4
[   23.079065] e1000 0000:00:03.0 eth0: (PCI:33MHz:32-bit) 02:57:5b:96:48:35
[   23.231317] e1000 0000:00:03.0 eth0: Intel(R) PRO/1000 Network Connection
[   23.399392] mptbase: ioc0: Initiating bringup
[   23.495735] e1000 0000:00:03.0 enp0s3: renamed from eth0
[   23.635206] ioc0: LSI53C1030 A0: Capabilities={Initiator}
[   23.956515] scsi host2: ioc0: LSI53C1030 A0, FwRev=00000000h, Ports=1, MaxQ=256, IRQ=20
[   24.331056] scsi 2:0:0:0: Direct-Access     VBOX     HARDDISK         1.0  PQ: 0 ANSI: 5
[   24.555663] scsi target2:0:0: Beginning Domain Validation
[   24.679082] scsi target2:0:0: Domain Validation skipping write tests
[   24.708902] scsi target2:0:0: Ending Domain Validation
[   24.710244] scsi target2:0:0: asynchronous
[   24.784061] scsi 2:0:1:0: Direct-Access     VBOX     HARDDISK         1.0  PQ: 0 ANSI: 5
[   25.011879] scsi target2:0:1: Beginning Domain Validation
[   25.164067] scsi target2:0:1: Domain Validation skipping write tests
[   25.336263] scsi target2:0:1: Ending Domain Validation
[   25.483925] scsi target2:0:1: asynchronous
[   25.605440] sd 2:0:0:0: [sda] 20971520 512-byte logical blocks: (10.7 GB/10.0 GiB)
[   25.611526] sd 2:0:0:0: Attached scsi generic sg0 type 0
[   25.611723] sd 2:0:1:0: Attached scsi generic sg1 type 0
[   25.611831] sd 2:0:1:0: [sdb] 20480 512-byte logical blocks: (10.5 MB/10.0 MiB)
[   25.612041] sd 2:0:1:0: [sdb] Write Protect is off
[   25.612192] sd 2:0:1:0: [sdb] Incomplete mode parameter data
[   25.612193] sd 2:0:1:0: [sdb] Assuming drive cache: write through
[   25.633978] sd 2:0:1:0: [sdb] Attached SCSI disk
[   25.838921] floppy0: no floppy controllers found
[   25.838951] work still pending
[   25.844451] sd 2:0:0:0: [sda] Write Protect is off
[   25.998333] sd 2:0:0:0: [sda] Incomplete mode parameter data
[   26.136930] sd 2:0:0:0: [sda] Assuming drive cache: write through
[   26.330210]  sda: sda1
[   26.338462] sd 2:0:0:0: [sda] Attached SCSI disk
Begin: Loading e[   27.776574] md: linear personality registered for level -1
ssential drivers ... [   27.851896] md: multipath personality registered for level -4
[   27.854723] md: raid0 personality registered for level 0
[   27.963470] md: raid1 personality registered for level 1
[   28.038924] raid6: sse2x1   gen() 11128 MB/s
[   28.111286] raid6: sse2x1   xor()  8745 MB/s
[   28.243214] raid6: sse2x2   gen() 14752 MB/s
[   28.398963] raid6: sse2x2   xor()  9755 MB/s
[   28.595135] raid6: sse2x4   gen() 16982 MB/s
[   28.731027] raid6: sse2x4   xor() 12067 MB/s
[   28.815833] raid6: using algorithm sse2x4 gen() 16982 MB/s
[   28.959674] raid6: .... xor() 12067 MB/s, rmw enabled
[   29.093491] raid6: using ssse3x2 recovery algorithm
[   29.202152] xor: automatically using best checksumming function:
[   29.379625]    avx       : 24772.000 MB/sec
[   29.452312] async_tx: api initialized (async)
[   29.467493] md: raid6 personality registered for level 6
[   29.468195] md: raid5 personality registered for level 5
[   29.468857] md: raid4 personality registered for level 4
[   29.473005] md: raid10 personality registered for level 10
done.
Begin: Running /scripts/i[   29.507864] Btrfs loaded
nit-premount ... done.
Begin: Mounting root file system ... Begin: Running /scripts/local-top ... done.
Begin: Running /scripts/local-premount ... Scanning for Btrfs filesystems
done.
Warning: fsck not present, so sk[   29.632285] EXT4-fs (sda1): mounted filesystem with ordered data mode. Opts: (null)
ipping root file system
done.
Begin: Running /scripts/local-bottom ... done.
Begin: Running /scripts/init-bottom ... Warning: overlayroot: debug is busted
done.
[   30.496288] systemd[1]: systemd 229 running in system mode. (+PAM +AUDIT +SELINUX +IMA +APPARMOR +SMACK +SYSVINIT +UTMP +LIBCRYPTSETUP +GCRYPT +GNUTLS +ACL +XZ -LZ4 +SECCOMP +BLKID +ELFUTILS +KMOD -IDN)
[   30.573197] systemd[1]: Detected virtualization oracle.
[   30.573845] systemd[1]: Detected architecture x86-64.
[   30.610015] random: nonblocking pool is initialized

Welcome to [1mUbuntu 16.04.1 LTS[0m!

[   30.661333] systemd[1]: Set hostname to <ubuntu>.
[   30.783678] systemd[1]: Initializing machine ID from random generator.
[   30.936572] systemd[1]: Installed transient /etc/machine-id file.
[   31.746445] systemd[1]: Listening on Device-mapper event daemon FIFOs.
[[0;32m  OK  [0m] Listening on Device-mapper event daemon FIFOs.
[   31.968105] systemd[1]: Created slice System Slice.
[[0;32m  OK  [0m] Created slice System Slice.
[   32.176893] systemd[1]: Started Forward Password Requests to Wall Directory Watch.
[[0;32m  OK  [0m] Started Forward Password Requests to Wall Directory Watch.
[   32.451838] systemd[1]: Listening on Journal Audit Socket.
[[0;32m  OK  [0m] Listening on Journal Audit Socket.
[   32.623552] systemd[1]: Listening on udev Control Socket.
[[0;32m  OK  [0m] Listening on udev Control Socket.
[   32.804816] systemd[1]: Reached target Encrypted Volumes.
[[0;32m  OK  [0m] Reached target Encrypted Volumes.
[   32.955202] systemd[1]: Created slice system-serial\x2dgetty.slice.
[[0;32m  OK  [0m] Created slice system-serial\x2dgetty.slice.
[   32.973894] systemd[1]: Listening on LVM2 poll daemon socket.
[[0;32m  OK  [0m] Listening on LVM2 poll daemon socket.
[   33.139818] systemd[1]: Created slice User and Session Slice.
[[0;32m  OK  [0m] Created slice User and Session Slice.
[   33.299058] systemd[1]: Reached target User and Group Name Lookups.
[[0;32m  OK  [0m] Reached target User and Group Name Lookups.
[   33.436061] systemd[1]: Listening on Journal Socket (/dev/log).
[[0;32m  OK  [0m] Listening on Journal Socket (/dev/log).
[   33.484238] systemd[1]: Listening on LVM2 metadata daemon socket.
[[0;32m  OK  [0m] Listening on LVM2 metadata daemon socket.
[   33.595666] systemd[1]: Set up automount Arbitrary Executable File Formats File System Automount Point.
[[0;32m  OK  [0m] Set up automount Arbitrary Executab...ats File System Automount Point.
[   33.704612] systemd[1]: Listening on udev Kernel Socket.
[[0;32m  OK  [0m] Listening on udev Kernel Socket.
[   33.879930] systemd[1]: Listening on /dev/initctl Compatibility Named Pipe.
[[0;32m  OK  [0m] Listening on /dev/initctl Compatibility Named Pipe.
[   34.047348] systemd[1]: Reached target Swap.
[[0;32m  OK  [0m] Reached target Swap.
[   34.083690] systemd[1]: Listening on Journal Socket.
[[0;32m  OK  [0m] Listening on Journal Socket.
[   34.223007] systemd[1]: Mounting Debug File System...
         Mounting Debug File System...
[   34.347267] systemd[1]: Starting Create list of required static device nodes for the current kernel...
         Starting Create list of required st... nodes for the current kernel...
[   34.564516] systemd[1]: Starting Nameserver information manager...
         Starting Nameserver information manager...
[   34.760355] systemd[1]: Mounting Huge Pages File System...
         Mounting Huge Pages File System...
[   34.835748] systemd[1]: Starting Monitoring of LVM2 mirrors, snapshots etc. using dmeventd or progress polling...
         Starting Monitoring of LVM2 mirrors... dmeventd or progress polling...
[   34.921238] systemd[1]: Mounting POSIX Message Queue File System...
         Mounting POSIX Message Queue File System...
[   34.979601] systemd[1]: Starting Uncomplicated firewall...
         Starting Uncomplicated firewall...
[   35.056751] systemd[1]: Starting Remount Root and Kernel File Systems...
[   35.060308] EXT4-fs (sda1): re-mounted. Opts: (null)
         Starting Remount Root and Kernel File Systems...
[   35.363395] systemd[1]: Reached target Slices.
[[0;32m  OK  [0m] Reached target Slices.
[   35.475479] systemd[1]: Starting Load Kernel Modules...
[   35.589183] Loading iSCSI transport class v2.0-870.
         Starting Load Kernel Modules...
[   35.627931] systemd[1]: Listening on Syslog Socket.
[[0;32m  OK  [0m] Listening on Syslog Socket.
[   35.632364] iscsi: registered transport (tcp)
[   35.632823] systemd[1]: Starting Journal Service...
         Starting Journal Service...
[   35.634914] systemd[1]: Starting Set console keymap...
         Starting Set console keymap...
[   35.637234] systemd[1]: Mounted POSIX Message Queue File System.
[[0;32m  OK  [0m] Mounted POSIX Message Queue File System.
[   35.699481] systemd[1]: Mounted Debug File System.
[[0;32m  OK  [0m] Mounted Debug File System.
[   35.823260] systemd[1]: Mounted Huge Pages File System.
[[0;32m  OK  [0m] Mounted Huge Pages File System.
[   35.953499] systemd[1]: Started Create list of required static device nodes for the current kernel.
[[0;32m  OK  [0[   36.269002] iscsi: registered transport (iser)
m] Started Create list of required sta...ce nodes for the current kernel.
[   36.509434] systemd[1]: Started Uncomplicated firewall.
[[0;32m  OK  [0m] Started Uncomplicated firewall.
[   36.700106] systemd[1]: Started Remount Root and Kernel File Systems.
[[0;32m  OK  [0m] Started Remount Root and Kernel File Systems.
[   36.907922] systemd[1]: Started Load Kernel Modules.
[[0;32m  OK  [0m] Started Load Kernel Modules.
[   36.947647] systemd[1]: Started Set console keymap.
[[0;32m  OK  [0m] Started Set console keymap.
[   37.131681] systemd[1]: Started Nameserver information manager.
[[0;32m  OK  [0m] Started Nameserver information manager.
[   37.372266] systemd[1]: Started Journal Service.
[[0;32m  OK  [0m] Started Journal Service.
[[0;32m  OK  [0m] Started LVM2 metadata daemon.
         Starting Apply Kernel Variables...
         Mounting FUSE Control File System...
         Starting udev Coldplug all Devices...
         Starting Load/Save Random Seed...
         Starting Flush Journal to Persistent Storage...
         Starting Initial cloud-init job (pre-networking)...
         Starting Create Static Device Nodes in /dev...
[[0;32m  OK  [0m] Mounted FUSE Control File System.
[[0;32m  OK  [0m] Started Monitoring of LVM2 mirrors,...ng dmeventd or progress polling.
[[0;32m  OK  [0m] Started Apply Kernel Variables.
[[0;32m  OK  [0m] Started Load/Save Random Seed.
[[0;32m  OK  [0m] Started Create Static Device Nodes in /dev.
[[0;32m  OK  [0m] Started udev Coldplug all Devices.
         Starting udev Kernel Device Manager...
[[0;32m  OK  [0m] Started Flush Journal to Persistent Storage.
[[0;32m  OK  [0m] Started udev Kernel Device Manager.
[[0;32m  OK  [0m] Started Dispatch Password Requests to Console Directory Watch.
[[0;32m  OK  [0m] Reached target Local File Systems (Pre).
[[0;32m  OK  [0m] Reached target Local File Systems.
         Starting LSB: AppArmor initialization...
         Starting Tell Plymouth To Write Out Runtime Data...
         Starting Create Volatile Files and Directories...
         Starting Commit a transient machine-id on disk...
         Starting Run snappy firstboot setup...
         Starting Set console font and keymap...
[[0;32m  OK  [0m] Started Tell Plymouth To Write Out Runtime Data.
[[0;32m  OK  [0m] Started Create Volatile Files and Directories.
[[0;32m  OK  [0m] Started Commit a transient machine-id on disk.
[[0;32m  OK  [0m] Found device /dev/ttyS0.
[[0;32m  OK  [0m] Listening on Load/Save RF Kill Switch Status /dev/rfkill Watch.
[[0;32m  OK  [0m] Reached target System Time Synchronized.
         Starting Update UTMP about System Boot/Shutdown...
[[0;32m  OK  [0m] Started Set console font and keymap.
[[0;32m  OK  [0m] Created slice system-getty.slice.
[[0;32m  OK  [0m] Started Update UTMP about System Boot/Shutdown.
[[0;32m  OK  [0m] Started Run snappy firstboot setup.
[[0;32m  OK  [0m] Started LSB: AppArmor initialization.
[   26.415720] cloud-init[489]: Cloud-init v. 0.7.8 running 'init-local' at Mon, 05 Dec 2016 12:28:36 +0000. Up 25.95 seconds.
[[0;32m  OK  [0m] Started Initial cloud-init job (pre-networking).
[[0;32m  OK  [0m] Reached target Network (Pre).
         Starting Raise network interfaces...
[[0;32m  OK  [0m] Started Raise network interfaces.
         Starting Initial cloud-init job (metadata service crawler)...
[[0;32m  OK  [0m] Reached target Network.
[   28.782097] cloud-init[934]: Cloud-init v. 0.7.8 running 'init' at Mon, 05 Dec 2016 12:28:37 +0000. Up 27.27 seconds.
[[   28.918290] cloud-init[934]: ci-info: +++++++++++++++++++++++++++++++++++++Net device info++++++++++++++++++++++++++++++++++++++
[   28.918607] cloud-init[934]: ci-info: +--------+------+----------------------------+---------------+-------+-------------------+
[0;32m  OK  [0m] Started Initial cloud-init job (metadata service crawler).
[   28.918685] cloud-init[934]: ci-info: | Device |  Up  |          Address           |      Mask     | Scope |     Hw-Address    |
[   29.476253] cloud-init[934]: ci-info: +--------+------+----------------------------+---------------+-------+-------------------+
[   29.476469] cloud-init[934]: ci-info: |   lo   | True |         127.0.0.1          |   255.0.0.0   |   .   |         .         |
[[0;32m  OK  [0m] Reached target Cloud-config availability.
[   29.476558] cloud-init[934]: ci-info: |   lo   | True |          ::1/128           |       .       |  host |         .         |
[   29.846056] cloud-init[934]: ci-info: | enp0s3 | True |         10.0.2.15          | 255.255.255.0 |   .   | 02:57:5b:96:48:35 |
[[0;32m  OK  [0m] Reached target System Initialization.
[   29.846273] cloud-init[934]: ci-info: | enp0s3 | True | fe80::57:5bff:fe96:4835/64 |       .       |  link | 02:57:5b:96:48:35 |
[   30.377128] cloud-init[934]: ci-info: +--------+------+----------------------------+---------------+-------+-------------------+
[   30.377337] cloud-init[934]: ci-info: +++++++++++++++++++++++++++Route IPv4 info++++++++++++++++++++++++++++
         Starting LXD - unix socket.
[[   30.377420] cloud-init[934]: ci-info: +-------+-------------+----------+---------------+-----------+-------+
[   30.508358] cloud-init[934]: ci-info: | Route | Destination | Gateway  |    Genmask    | Interface | Flags |
[0;32m  OK  [0m] Started ACPI Events Check.
[   30.508418] cloud-init[934]: ci-info: +-------+-------------+----------+---------------+-----------+-------+
[   30.637815] cloud-init[934]: ci-info: |   0   |   0.0.0.0   | 10.0.2.2 |    0.0.0.0    |   enp0s3  |   UG  |
[[0;32m  OK  [0m] Listening on UUID daemon activation socket.
[[   30.637878] cloud-init[934]: ci-info: |   1   |   10.0.2.0  | 0.0.0.0  | 255.255.255.0 |   enp0s3  |   U   |
[   30.829331] cloud-init[934]: ci-info: +-------+-------------+----------+---------------+-----------+-------+
[0;32m  OK  [0m] Started Daily apt activities.
[[0;32m  OK  [0m] Listening on D-Bus System Message Bus Socket.
[   30.829392] cloud-init[934]: Generating public/private rsa key pair.
[   31.078684] cloud-init[934]: Your identification has been saved in /etc/ssh/ssh_host_rsa_key.
[[0;32m  OK  [0m] Listening on ACPID Listen Socket.
         Starting Socket activation for snappy daemon.
[[0;32m  OK  [0m] Started Trigger resolvconf update for networkd DNS.
[   31.078951] cloud-init[934]: Your public key has been saved in /etc/ssh/ssh_host_rsa_key.pub.
[   31.524469] cloud-init[934]: The key fingerprint is:
[   31.592898] cloud-init[934]: SHA256:ebZFYWnWRoT0GnHG1GlvuhyRVgJ9bnEx3EOMXau3i28 root@ubuntu-xenial
[   31.593129] cloud-init[934]: The key's randomart image is:
[[0;32m  OK  [0m] Reached target Paths.
[   31.593217] cloud-init[934]: +---[RSA 2048]----+
[   31.687979] cloud-init[934]: |           .*@%=*|
[[0;32m  OK  [0m] Started Daily Cleanup of Temporary Directories.
[   31.688081] cloud-init[934]: |           .=B*OO|
[   31.865501] cloud-init[934]: |           oo.oB=|
[[0;32m  OK  [0m] Started Timer to automatically refresh installed snaps.
[[   31.865626] cloud-init[934]: |         . . o= =|
[   32.065801] cloud-init[934]: |        S o oo * |
[0;32m  OK  [0m] Reached target Timers.
[[0;32m  OK  [0m] Reached target Network is Online.
[   32.065854] cloud-init[934]: |         o o  + .|
[   32.284485] cloud-init[934]: |          .  . + |
[   32.284763] cloud-init[934]: |              +E.|
         Starting iSCSI initiator daemon (iscsid)...
[   32.284855] cloud-init[934]: |             .oo |
[[   32.512472] cloud-init[934]: +----[SHA256]-----+
[   32.512601] cloud-init[934]: Generating public/private dsa key pair.
[0;32m  OK  [0m] Listening on LXD - unix socket.
[   32.512685] cloud-init[934]: Your identification has been saved in /etc/ssh/ssh_host_dsa_key.
[   32.720816] cloud-init[934]: Your public key has been saved in /etc/ssh/ssh_host_dsa_key.pub.
[[0;32m  OK  [0m] Listening on Socket activation for snappy daemon.
[   32.720921] cloud-init[934]: The key fingerprint is:
[   33.028481] cloud-init[934]: SHA256:pEg5Dnh3HSS6xol1S0y7GcVEr1LdBwsjyTQxWs+9O+Y root@ubuntu-xenial
[   33.137029] cloud-init[934]: The key's randomart image is:
[   33.209347] cloud-init[934]: +---[DSA 1024]----+
[   33.242682] cloud-init[934]: |      oB&oo .    |
[   33.243859] cloud-init[934]: | .   = B+X = o   |
[   33.301280] cloud-init[934]: |. o B O + = + .  |
[   33.376597] cloud-init[934]: | . O O O .   o   |
[   33.410979] cloud-init[934]: |  . B * S   .    |
[   33.429480] cloud-init[934]: |   .   .     .   |
[   33.480329] cloud-init[934]: |            +    |
[[0;32m  OK  [0m] Reached target Sockets.
[[0;32m  OK  [0m] Reached target Basic System.
[   33.482534] cloud-init[934]: |           o .   |
[   33.564317] cloud-init[934]: |            E    |
[   33.610419] cloud-init[934]: +----[SHA256]-----+
[[0;32m  OK  [0m] Started FUSE filesystem for LXC.
[   33.612252] cloud-init[934]: Generating public/private ecdsa key pair.
[   33.725629] cloud-init[934]: Your identification has been saved in /etc/ssh/ssh_host_ecdsa_key.
[   33.725800] cloud-init[934]: Your public key has been saved in /etc/ssh/ssh_host_ecdsa_key.pub.
[[0;32m  OK  [0m] Started D-Bus System Message Bus.
[   33.725912] cloud-init[934]: The key fingerprint is:
[   33.888950] cloud-init[934]: SHA256:QognPgNGW9v5hnIGl8ApGY2FOmUT3nmZ/lVEClRClhA root@ubuntu-xenial
[   33.952454] cloud-init[934]: The key's randomart image is:
[   34.001427] cloud-init[934]: +---[ECDSA 256]---+
         Starting Apply the settings specified in cloud-config...
[   34.052985] cloud-init[934]: | oX=. E=*o..o    |
[   34.112463] cloud-init[934]: |.***+oo+.o o     |
         Starting /etc/rc.local Compatibility...
[   34.160632] cloud-init[934]: |o==+===   . .    |
[   34.181439] cloud-init[934]: |+o oo+o    .     |
[   34.200346] cloud-init[934]: | .+. +ooS .      |
[   34.205332] cloud-init[934]: |   o+ .o .       |
[   34.205771] cloud-init[934]: |        .        |
[   34.205879] cloud-init[934]: |                 |
[[0;32m  OK  [0m] Started Regular background program processing daemon.
[   34.206042] cloud-init[934]: |                 |
[   34.251028] cloud-init[934]: +----[SHA256]-----+
[   34.272197] cloud-init[934]: Generating public/private ed25519 key pair.
[   34.292527] cloud-init[934]: Your identification has been saved in /etc/ssh/ssh_host_ed25519_key.
[   34.292795] cloud-init[934]: Your public key has been saved in /etc/ssh/ssh_host_ed25519_key.pub.
[[0;32m  OK  [0m] Started Deferred execution scheduler.
[   34.292875] cloud-init[934]: The key fingerprint is:
[   34.464928] cloud-init[934]: SHA256:mPxasZnolliQLROZjYptNdO1JjkLCYal1MjrKKil7Ig root@ubuntu-xenial
[   34.465105] cloud-init[934]: The key's randomart image is:
[[0;32m  OK  [0m] Started ACPI event daemon.
[   34.465221] cloud-init[934]: +--[ED25519 256]--+
[   34.536247] cloud-init[934]: |.+*  * ..        |
[   34.536440] cloud-init[934]: |o= oO.o. .       |
         Starting System Logging Service...
[   34.536876] cloud-init[934]: |.o.oo*+ o        |
[   34.632918] cloud-init[934]: |..+ =o.B         |
[   34.633108] cloud-init[934]: |+.   += S        |
         Starting LSB: MD monitoring daemon...
         Starting LXD - container startup/shutdown...
[   34.633222] cloud-init[934]: |+..   .o =       |
[   34.663540] cloud-init[934]: |+o   o..*        |
[   34.669081] cloud-init[934]: |=.  ..oo         |
[   34.678941] cloud-init[934]: |E.   .o          |
         Starting Pollinate to seed the pseudo random number generator...
[   34.694108] cloud-init[934]: +----[SHA256]-----+
         Starting Login Service...
         Starting LSB: Record successful boot for GRUB...
[   34.774090] cloud-init[1035]: Generating locales (this might take a while)...
[[0;32m  OK  [0m] Started Snappy daemon.
         Starting Accounts Service...
[[0;32m  OK  [0m] Started System Logging Service.
[[0;32m  OK  [0m] Started iSCSI initiator daemon (iscsid).
[[0;32m  OK  [0m] Started /etc/rc.local Compatibility.
         Starting Login to default iSCSI targets...
[[0;32m  OK  [0m] Started Login Service.
[[0;32m  OK  [0m] Started Login to default iSCSI targets.
[[0;32m  OK  [0m] Started LSB: MD monitoring daemon.
[   35.813467] cloud-init[1035]:   en_US.UTF-8... done
[   35.839989] [[0;32m  OK  [0m] Started LSB: Record successful boot for GRUB.
cloud-init[1035]: Generation complete.
[[0;32m  OK  [0m] Reached target Remote File Systems (Pre).
[[0;32m  OK  [0m] Reached target Remote File Systems.
         Starting LSB: Set the CPU Frequency Scaling governor to "ondemand"...
         Starting LSB: automatic crash report generation...
         Starting Permit User Sessions...
         Starting LSB: daemon to balance interrupts for SMP systems...
         Starting LSB: VirtualBox Linux Additions...
[[0;32m  OK  [0m] Started Permit User Sessions.
[[0;32m  OK  [0m] Started LSB: Set the CPU Frequency Scaling governor to "ondemand".
         Starting Terminate Plymouth Boot Screen...
         Starting Hold until boot process finishes up...
[[0;32m  OK  [0m] Started Terminate Plymouth Boot Screen.
[[0;32m  OK  [0m] Started LSB: automatic crash report generation.
[[0;32m  OK  [0m] Started Hold until boot process finishes up.
[[0;32m  OK  [0m] Started LSB: daemon to balance interrupts for SMP systems.
         Starting Set console scheme...
[[0;32m  OK  [0m] Started Serial Getty on ttyS0.
[[0;32m  OK  [0m] Started Getty on tty1.
[[0;32m  OK  [0m] Reached target Login Prompts.
[[0;32m  OK  [0m] Started Set console scheme.
[[0;32m  OK  [0m] Started LSB: VirtualBox Linux Additions.
         Starting Authenticate and Authorize Users to Run Privileged Tasks...
[[0;32m  OK  [0m] Started Authenticate and Authorize Users to Run Privileged Tasks.
[[0;32m  OK  [0m] Started Accounts Service.
[[0;32m  OK  [0m] Started LXD - container startup/shutdown.
[[0;32m  OK  [0m] Stopped OpenBSD Secure Shell server.
         Starting OpenBSD Secure Shell server...
[[0;32m  OK  [0m] Started OpenBSD Secure Shell server.
[[0;32m  OK  [0m] Created slice User Slice of ubuntu.
         Starting User Manager for UID 1000...
[[0;32m  OK  [0m] Started Session 1 of user ubuntu.
[[0;32m  OK  [0m] Started User Manager for UID 1000.
[   40.186736] cloud-init[1035]: Cloud-init v. 0.7.8 running 'modules:config' at Mon, 05 Dec 2016 12:28:44 +0000. Up 34.07 seconds.
[[0;32m  OK  [0m] Started Apply the settings specified in cloud-config.

Ubuntu 16.04.1 LTS ubuntu-xenial ttyS0

ubuntu-xenial login: ci-info: +++++Authorized keys from /home/ubuntu/.ssh/authorized_keys for user ubuntu++++++
ci-info: +---------+-------------------------------------------------+---------+---------+
ci-info: | Keytype |                Fingerprint (md5)                | Options | Comment |
ci-info: +---------+-------------------------------------------------+---------+---------+
ci-info: | ssh-rsa | c6:46:d6:57:7f:d6:b8:a0:20:66:3a:ec:8b:f6:7b:2f |    -    | vagrant |
ci-info: +---------+-------------------------------------------------+---------+---------+
<14>Dec  5 12:28:56 ec2: 
<14>Dec  5 12:28:56 ec2: #############################################################
<14>Dec  5 12:28:56 ec2: -----BEGIN SSH HOST KEY FINGERPRINTS-----
<14>Dec  5 12:28:56 ec2: 1024 SHA256:pEg5Dnh3HSS6xol1S0y7GcVEr1LdBwsjyTQxWs+9O+Y root@ubuntu-xenial (DSA)
<14>Dec  5 12:28:56 ec2: 256 SHA256:QognPgNGW9v5hnIGl8ApGY2FOmUT3nmZ/lVEClRClhA root@ubuntu-xenial (ECDSA)
<14>Dec  5 12:28:56 ec2: 256 SHA256:mPxasZnolliQLROZjYptNdO1JjkLCYal1MjrKKil7Ig root@ubuntu-xenial (ED25519)
<14>Dec  5 12:28:56 ec2: 2048 SHA256:ebZFYWnWRoT0GnHG1GlvuhyRVgJ9bnEx3EOMXau3i28 root@ubuntu-xenial (RSA)
<14>Dec  5 12:28:56 ec2: -----END SSH HOST KEY FINGERPRINTS-----
<14>Dec  5 12:28:56 ec2: #############################################################
-----BEGIN SSH HOST KEY KEYS-----
ecdsa-sha2-nistp256 AAAAE2VjZHNhLXNoYTItbmlzdHAyNTYAAAAIbmlzdHAyNTYAAABBBOPYjVyI/SsvKoC/DdGDFt98H4qpram+wkCDqIDFHcXxdnNaNNNqOKWmnhy+eUeCPV4NS8kvO9ayuUxwrRKaYw0= root@ubuntu-xenial
ssh-ed25519 AAAAC3NzaC1lZDI1NTE5AAAAINxDTE8WBK99QDWAOKyRWq/kiY3AzUd6VR13FotA/8+U root@ubuntu-xenial
ssh-rsa AAAAB3NzaC1yc2EAAAADAQABAAABAQDAKlO0VDxGW2bhD+uc0AYv943O0P/Ve0JCsLo7q6NxDeZW+oLKki64sH8PQeEyPlfo9lmA/BD27fAGLZB8VUWn/wd0A0UtU4TJHkcMB8/QwiAIRJkNBCUDFAmIkfB3ue746rNsZeFzS3AZT3Y0AuemLnSTdm7gb1ciuU238saC1kxIulSvzWbfXZp+wzSrU/pa5N4R8KmY3vPKx+A6FXntIG+z22Ha2FU8EQqkccsWKW4maT4DmPb6BSXLN7PcjrsoJr70u+XmQZN4E/o5O5VOd+/WlLM6Xlh2m7J4105DDPGnJGZl7oFZ4pAmeKhhLpCFALBAfX2/4ZHbiVW4so1j root@ubuntu-xenial
-----END SSH HOST KEY KEYS-----
[   46.378085] cloud-init[1673]: Cloud-init v. 0.7.8 running 'modules:final' at Mon, 05 Dec 2016 12:28:56 +0000. Up 46.25 seconds.
[   46.378200] cloud-init[1673]: Cloud-init v. 0.7.8 finished at Mon, 05 Dec 2016 12:28:56 +0000. Datasource DataSourceNoCloud [seed=/dev/sdb][dsmode=net].  Up 46.37 seconds
